<?xml version="1.0" encoding="UTF-8"?>
<!-- Generated by org.testng.reporters.JUnitReportReporter -->
<testsuite skipped="0" hostname="HYDPCM203672L" name="com.uma.framework.FirstEample" tests="4" failures="0" timestamp="24 Apr 2020 05:59:22 GMT" time="24.904" errors="0">
  <testcase name="enterFirstName" time="22.809" classname="com.uma.framework.FirstEample"/>
  <testcase name="enterLastName" time="1.664" classname="com.uma.framework.FirstEample"/>
  <testcase name="enterMiddleName" time="0.319" classname="com.uma.framework.FirstEample"/>
  <testcase name="verifyHeaderFormText" time="0.112" classname="com.uma.framework.FirstEample"/>
</testsuite> <!-- com.uma.framework.FirstEample -->
