<?xml version="1.0" encoding="UTF-8"?>
<!-- Generated by org.testng.reporters.JUnitReportReporter -->
<testsuite skipped="0" hostname="HYDPCM203672L" name="com.uma.framework.SecondExample" tests="2" failures="0" timestamp="09 Apr 2020 04:52:32 GMT" time="0.100" errors="0">
  <testcase name="display" time="0.096" classname="com.uma.framework.SecondExample"/>
  <testcase name="jump" time="0.004" classname="com.uma.framework.SecondExample"/>
</testsuite> <!-- com.uma.framework.SecondExample -->
