<?xml version="1.0" encoding="UTF-8"?>
<!-- Generated by org.testng.reporters.JUnitReportReporter -->
<testsuite skipped="0" hostname="HYDPCM203672L" name="com.uma.framework.FirstEample" tests="4" failures="0" timestamp="13 Apr 2020 07:40:56 GMT" time="3.203" errors="0">
  <testcase name="enterFirstName" time="1.409" classname="com.uma.framework.FirstEample"/>
  <testcase name="enterLastName" time="1.348" classname="com.uma.framework.FirstEample"/>
  <testcase name="enterMiddleName" time="0.365" classname="com.uma.framework.FirstEample"/>
  <testcase name="verifyHeaderFormText" time="0.081" classname="com.uma.framework.FirstEample"/>
</testsuite> <!-- com.uma.framework.FirstEample -->
